Traceback (most recent call last):
  File "/home/marik/miniforge3/envs/design/lib/python3.12/site-packages/jupyter_cache/executors/utils.py", line 58, in single_nb_execution
    executenb(
  File "/home/marik/miniforge3/envs/design/lib/python3.12/site-packages/nbclient/client.py", line 1314, in execute
    return NotebookClient(nb=nb, resources=resources, km=km, **kwargs).execute()
           ^^^^^^^^^^^^^^^^^^^^^^^^^^^^^^^^^^^^^^^^^^^^^^^^^^^^^^^^^^^^^^^^^^^^^
  File "/home/marik/miniforge3/envs/design/lib/python3.12/site-packages/jupyter_core/utils/__init__.py", line 165, in wrapped
    return loop.run_until_complete(inner)
           ^^^^^^^^^^^^^^^^^^^^^^^^^^^^^^
  File "/home/marik/miniforge3/envs/design/lib/python3.12/asyncio/base_events.py", line 687, in run_until_complete
    return future.result()
           ^^^^^^^^^^^^^^^
  File "/home/marik/miniforge3/envs/design/lib/python3.12/site-packages/nbclient/client.py", line 709, in async_execute
    await self.async_execute_cell(
  File "/home/marik/miniforge3/envs/design/lib/python3.12/site-packages/nbclient/client.py", line 1062, in async_execute_cell
    await self._check_raise_for_error(cell, cell_index, exec_reply)
  File "/home/marik/miniforge3/envs/design/lib/python3.12/site-packages/nbclient/client.py", line 918, in _check_raise_for_error
    raise CellExecutionError.from_cell_and_msg(cell, exec_reply_content)
nbclient.exceptions.CellExecutionError: An error occurred while executing the following cell:
------------------
import numpy as np
np.set_printoptions(precision=3, suppress=True)
from numpy import sqrt, sin, cos, pi
import matplotlib.pyplot as plt
from matplotlib.patches import Polygon
vzory=np.array([[0,0],[1,0],[1,1],[.5,1.6],[0,1],[0,0]]).T
plt.plot(*vzory)
plt.gca().set_aspect('equal')

------------------


[0;31m---------------------------------------------------------------------------[0m
[0;31mModuleNotFoundError[0m                       Traceback (most recent call last)
Cell [0;32mIn[1], line 1[0m
[0;32m----> 1[0m [38;5;28;01mimport[39;00m [38;5;21;01mnumpy[39;00m [38;5;28;01mas[39;00m [38;5;21;01mnp[39;00m
[1;32m      2[0m np[38;5;241m.[39mset_printoptions(precision[38;5;241m=[39m[38;5;241m3[39m, suppress[38;5;241m=[39m[38;5;28;01mTrue[39;00m)
[1;32m      3[0m [38;5;28;01mfrom[39;00m [38;5;21;01mnumpy[39;00m [38;5;28;01mimport[39;00m sqrt, sin, cos, pi

[0;31mModuleNotFoundError[0m: No module named 'numpy'

