Traceback (most recent call last):
  File "/home/marik/miniforge3/envs/design/lib/python3.12/site-packages/jupyter_cache/executors/utils.py", line 58, in single_nb_execution
    executenb(
  File "/home/marik/miniforge3/envs/design/lib/python3.12/site-packages/nbclient/client.py", line 1314, in execute
    return NotebookClient(nb=nb, resources=resources, km=km, **kwargs).execute()
           ^^^^^^^^^^^^^^^^^^^^^^^^^^^^^^^^^^^^^^^^^^^^^^^^^^^^^^^^^^^^^^^^^^^^^
  File "/home/marik/miniforge3/envs/design/lib/python3.12/site-packages/jupyter_core/utils/__init__.py", line 165, in wrapped
    return loop.run_until_complete(inner)
           ^^^^^^^^^^^^^^^^^^^^^^^^^^^^^^
  File "/home/marik/miniforge3/envs/design/lib/python3.12/asyncio/base_events.py", line 687, in run_until_complete
    return future.result()
           ^^^^^^^^^^^^^^^
  File "/home/marik/miniforge3/envs/design/lib/python3.12/site-packages/nbclient/client.py", line 709, in async_execute
    await self.async_execute_cell(
  File "/home/marik/miniforge3/envs/design/lib/python3.12/site-packages/nbclient/client.py", line 1062, in async_execute_cell
    await self._check_raise_for_error(cell, cell_index, exec_reply)
  File "/home/marik/miniforge3/envs/design/lib/python3.12/site-packages/nbclient/client.py", line 918, in _check_raise_for_error
    raise CellExecutionError.from_cell_and_msg(cell, exec_reply_content)
nbclient.exceptions.CellExecutionError: An error occurred while executing the following cell:
------------------
import numpy as np
import matplotlib.pyplot as plt
M = np.matrix([0.05, 0.36, 0.50, 0.09,
              0.01, 0.57, 0.25, 0.17,
              0.0,0.14,0.55,0.31,
              0.0,0.01,0.03,0.96]).reshape(4,4).T
M
------------------


[0;31m---------------------------------------------------------------------------[0m
[0;31mModuleNotFoundError[0m                       Traceback (most recent call last)
Cell [0;32mIn[1], line 1[0m
[0;32m----> 1[0m [38;5;28;01mimport[39;00m [38;5;21;01mnumpy[39;00m [38;5;28;01mas[39;00m [38;5;21;01mnp[39;00m
[1;32m      2[0m [38;5;28;01mimport[39;00m [38;5;21;01mmatplotlib[39;00m[38;5;21;01m.[39;00m[38;5;21;01mpyplot[39;00m [38;5;28;01mas[39;00m [38;5;21;01mplt[39;00m
[1;32m      3[0m M [38;5;241m=[39m np[38;5;241m.[39mmatrix([[38;5;241m0.05[39m, [38;5;241m0.36[39m, [38;5;241m0.50[39m, [38;5;241m0.09[39m,
[1;32m      4[0m               [38;5;241m0.01[39m, [38;5;241m0.57[39m, [38;5;241m0.25[39m, [38;5;241m0.17[39m,
[1;32m      5[0m               [38;5;241m0.0[39m,[38;5;241m0.14[39m,[38;5;241m0.55[39m,[38;5;241m0.31[39m,
[1;32m      6[0m               [38;5;241m0.0[39m,[38;5;241m0.01[39m,[38;5;241m0.03[39m,[38;5;241m0.96[39m])[38;5;241m.[39mreshape([38;5;241m4[39m,[38;5;241m4[39m)[38;5;241m.[39mT

[0;31mModuleNotFoundError[0m: No module named 'numpy'

